app/build/outputs/logs/manifest-merger-debug-report.txt
-- Merging decision tree log ---
manifest
ADDED from src\main\AndroidManifest.xml:2:1-51:12
	package
		ADDED from src\main\AndroidManifest.xml:3:5-28
		INJECTED from src\main\AndroidManifest.xml
		INJECTED from src\main\AndroidManifest.xml
	android:versionName
		ADDED from src\main\AndroidManifest.xml:5:5-30
		INJECTED from src\main\AndroidManifest.xml
		INJECTED from src\main\AndroidManifest.xml
	android:versionCode
		ADDED from src\main\AndroidManifest.xml:4:5-28
		INJECTED from src\main\AndroidManifest.xml
		INJECTED from src\main\AndroidManifest.xml
	xmlns:android
		ADDED from src\main\AndroidManifest.xml:2:11-69
application
ADDED from src\main\AndroidManifest.xml:7:5-47:19
	android:label
		ADDED from src\main\AndroidManifest.xml:7:48-80
	android:icon
		ADDED from src\main\AndroidManifest.xml:7:18-47
activity#com.moandroid.tests.StartUp
ADDED from src\main\AndroidManifest.xml:8:9-13:20
	android:screenOrientation
		ADDED from src\main\AndroidManifest.xml:8:52-88
	android:label
		ADDED from src\main\AndroidManifest.xml:8:19-51
	android:name
		ADDED from src\main\AndroidManifest.xml:8:89-118
intent-filter#android.intent.action.MAIN+android.intent.category.LAUNCHER
ADDED from src\main\AndroidManifest.xml:9:13-12:29
action#android.intent.action.MAIN
ADDED from src\main\AndroidManifest.xml:10:17-76
	android:name
		ADDED from src\main\AndroidManifest.xml:10:25-66
category#android.intent.category.LAUNCHER
ADDED from src\main\AndroidManifest.xml:11:17-86
	android:name
		ADDED from src\main\AndroidManifest.xml:11:27-74
activity#com.moandroid.tests.AtlasTest
ADDED from src\main\AndroidManifest.xml:15:9-20:20
	android:screenOrientation
		ADDED from src\main\AndroidManifest.xml:15:19-55
	android:name
		ADDED from src\main\AndroidManifest.xml:15:56-87
intent-filter#android.intent.action.MAIN+android.intent.category.TEST
ADDED from src\main\AndroidManifest.xml:16:13-18:25
category#android.intent.category.TEST
ADDED from src\main\AndroidManifest.xml:16:28-93
	android:name
		ADDED from src\main\AndroidManifest.xml:16:38-81
activity#com.moandroid.tests.SpriteTest
ADDED from src\main\AndroidManifest.xml:22:9-26:20
	android:screenOrientation
		ADDED from src\main\AndroidManifest.xml:22:19-55
	android:name
		ADDED from src\main\AndroidManifest.xml:22:56-88
activity#com.moandroid.tests.JBox2DTest
ADDED from src\main\AndroidManifest.xml:28:9-33:20
	android:screenOrientation
		ADDED from src\main\AndroidManifest.xml:28:52-88
	android:name
		ADDED from src\main\AndroidManifest.xml:28:19-51
activity#com.moandroid.tests.DrawPrimitivesTest
ADDED from src\main\AndroidManifest.xml:34:9-38:20
	android:screenOrientation
		ADDED from src\main\AndroidManifest.xml:34:60-96
	android:name
		ADDED from src\main\AndroidManifest.xml:34:19-59
activity#com.moandroid.tests.DemonStar
ADDED from src\main\AndroidManifest.xml:40:9-45:20
	android:screenOrientation
		ADDED from src\main\AndroidManifest.xml:40:51-87
	android:name
		ADDED from src\main\AndroidManifest.xml:40:19-50
uses-sdk
ADDED from src\main\AndroidManifest.xml:48:5-50:16
	android:targetSdkVersion
		INJECTED from src\main\AndroidManifest.xml
		INJECTED from src\main\AndroidManifest.xml
	android:minSdkVersion
		ADDED from src\main\AndroidManifest.xml:48:15-40
		INJECTED from src\main\AndroidManifest.xml
		INJECTED from src\main\AndroidManifest.xml